#
# There is insufficient memory for the Java Runtime Environment to continue.
# Native memory allocation (malloc) failed to allocate 557216 bytes. Error detail: Chunk::new
# Possible reasons:
#   The system is out of physical RAM or swap space
#   This process is running with CompressedOops enabled, and the Java Heap may be blocking the growth of the native heap
# Possible solutions:
#   Reduce memory load on the system
#   Increase physical memory or swap space
#   Check if swap backing store is full
#   Decrease Java heap size (-Xmx/-Xms)
#   Decrease number of Java threads
#   Decrease Java thread stack sizes (-Xss)
#   Set larger code cache with -XX:ReservedCodeCacheSize=
#   JVM is running with Unscaled Compressed Oops mode in which the Java heap is
#     placed in the first 4GB address space. The Java Heap base address is the
#     maximum limit for the native heap growth. Please use -XX:HeapBaseMinAddress
#     to set the Java Heap base and to place the Java Heap above 4GB virtual address.
# This output file may be truncated or incomplete.
#
#  Out of Memory Error (arena.cpp:168), pid=37804, tid=19584
#
# JRE version: OpenJDK Runtime Environment Temurin-21.0.10+7 (21.0.10+7) (build 21.0.10+7-LTS)
# Java VM: OpenJDK 64-Bit Server VM Temurin-21.0.10+7 (21.0.10+7-LTS, mixed mode, sharing, tiered, compressed oops, compressed class ptrs, parallel gc, windows-amd64)
# No core dump will be written. Minidumps are not enabled by default on client versions of Windows
#

---------------  S U M M A R Y ------------

Command Line: --add-modules=ALL-SYSTEM --add-opens=java.base/java.util=ALL-UNNAMED --add-opens=java.base/java.lang=ALL-UNNAMED --add-opens=java.base/sun.nio.fs=ALL-UNNAMED -Declipse.application=org.eclipse.jdt.ls.core.id1 -Dosgi.bundles.defaultStartLevel=4 -Declipse.product=org.eclipse.jdt.ls.core.product -Djava.import.generatesMetadataFilesAtProjectRoot=false -DDetectVMInstallationsJob.disabled=true -Dfile.encoding=utf8 -XX:+UseParallelGC -XX:GCTimeRatio=4 -XX:AdaptiveSizePolicyWeight=90 -Dsun.zip.disableMemoryMapping=true -Xmx2G -Xms100m -Xlog:disable -javaagent:c:\Users\wangjunying\.cursor\extensions\redhat.java-1.53.0-win32-x64\lombok\lombok-1.18.39-4050.jar -XX:+HeapDumpOnOutOfMemoryError -XX:HeapDumpPath=c:\Users\wangjunying\AppData\Roaming\Cursor\User\workspaceStorage\1206eb8924c5250357579d7188ed1816\redhat.java -Daether.dependencyCollector.impl=bf c:\Users\wangjunying\.cursor\extensions\redhat.java-1.53.0-win32-x64\server\plugins\org.eclipse.equinox.launcher_1.7.100.v20251111-0406.jar -configuration c:\Users\wangjunying\AppData\Roaming\Cursor\User\globalStorage\redhat.java\1.53.0\config_win -data c:\Users\wangjunying\AppData\Roaming\Cursor\User\workspaceStorage\1206eb8924c5250357579d7188ed1816\redhat.java\jdt_ws --pipe=\\.\pipe\lsp-a6f84e89d395cabc10dbcfa845dc3c6f-sock

Host: AMD Ryzen 7 6800H with Radeon Graphics         , 16 cores, 13G,  Windows 11 , 64 bit Build 22621 (10.0.22621.5124)
Time: Mon Apr 20 17:39:03 2026 elapsed time: 17.894929 seconds (0d 0h 0m 17s)

---------------  T H R E A D  ---------------

Current thread (0x00000281ff39f850):  JavaThread "C2 CompilerThread1" daemon [_thread_in_native, id=19584, stack(0x00000094f1c00000,0x00000094f1d00000) (1024K)]


Current CompileTask:
C2:17895 9101   !   4       org.eclipse.jdt.internal.core.util.DeduplicationUtil::intern (149 bytes)

Stack: [0x00000094f1c00000,0x00000094f1d00000]
Native frames: (J=compiled Java code, j=interpreted, Vv=VM code, C=native code)
V  [jvm.dll+0x6d7a39]
V  [jvm.dll+0x8b4b26]
V  [jvm.dll+0x8b70de]
V  [jvm.dll+0x8b77c3]
V  [jvm.dll+0x284346]
V  [jvm.dll+0xc66ed]
V  [jvm.dll+0xc6c31]
V  [jvm.dll+0x2fb29e]
V  [jvm.dll+0x5fe884]
V  [jvm.dll+0x255b17]
V  [jvm.dll+0x255edd]
V  [jvm.dll+0x24e500]
V  [jvm.dll+0x24ba42]
V  [jvm.dll+0x1cb34e]
V  [jvm.dll+0x25b85d]
V  [jvm.dll+0x259dea]
V  [jvm.dll+0x3f857e]
V  [jvm.dll+0x85f59d]
V  [jvm.dll+0x6d626d]
C  [ucrtbase.dll+0x29333]
C  [KERNEL32.DLL+0x1259d]
C  [ntdll.dll+0x5af38]


---------------  P R O C E S S  ---------------

Threads class SMR info:
_java_thread_list=0x00000281ff3656b0, length=68, elements={
0x00000281a171b3c0, 0x00000281b8ca88c0, 0x00000281b8ca9a30, 0x00000281b8cab2c0,
0x00000281b8cac460, 0x00000281fb186140, 0x00000281fb186ba0, 0x00000281fb187930,
0x00000281fb1f5a00, 0x00000281fb298030, 0x00000281fb3beb80, 0x00000281fca60480,
0x00000281fcca8d30, 0x00000281fcd8c0f0, 0x00000281fccb92e0, 0x00000281fd2872a0,
0x00000281fd284e70, 0x00000281fd8a00a0, 0x00000281fd671850, 0x00000281fd833f00,
0x00000281fb40f040, 0x00000281fb40e320, 0x00000281fb40fd60, 0x00000281fb4103f0,
0x00000281fb410a80, 0x00000281fb411110, 0x00000281fb40f6d0, 0x00000281fb40e9b0,
0x00000281fb4117a0, 0x00000281fefcc770, 0x00000281fefcad30, 0x00000281fefc92f0,
0x00000281fefc9980, 0x00000281fefc57e0, 0x00000281fefca6a0, 0x00000281fefca010,
0x00000281fefc78b0, 0x00000281fefc85d0, 0x00000281fefc8c60, 0x00000281fefcc0e0,
0x00000281fefc6b90, 0x00000281fefc7220, 0x00000281fefcb3c0, 0x00000281fefcba50,
0x00000281fefc6500, 0x00000281fefcce00, 0x00000281fefc5e70, 0x00000281fefc7f40,
0x00000281841400c0, 0x0000028184140750, 0x000002818413f3a0, 0x0000028184141b00,
0x0000028184140de0, 0x0000028184142190, 0x000002818413fa30, 0x0000028184141470,
0x000002818413ed10, 0x0000028184e09210, 0x0000028184e05d90, 0x0000028184e09f30,
0x0000028184e0a5c0, 0x0000028184e077d0, 0x00000281ff39f850, 0x0000028184e098a0,
0x0000028184e0b970, 0x0000028184e0c000, 0x0000028184e07e60, 0x0000028184e0ac50
}

Java Threads: ( => current thread )
  0x00000281a171b3c0 JavaThread "main"                              [_thread_blocked, id=47044, stack(0x00000094ef600000,0x00000094ef700000) (1024K)]
  0x00000281b8ca88c0 JavaThread "Reference Handler"          daemon [_thread_blocked, id=27852, stack(0x00000094efa00000,0x00000094efb00000) (1024K)]
  0x00000281b8ca9a30 JavaThread "Finalizer"                  daemon [_thread_blocked, id=29384, stack(0x00000094efb00000,0x00000094efc00000) (1024K)]
  0x00000281b8cab2c0 JavaThread "Signal Dispatcher"          daemon [_thread_blocked, id=10300, stack(0x00000094efc00000,0x00000094efd00000) (1024K)]
  0x00000281b8cac460 JavaThread "Attach Listener"            daemon [_thread_blocked, id=9992, stack(0x00000094efd00000,0x00000094efe00000) (1024K)]
  0x00000281fb186140 JavaThread "Service Thread"             daemon [_thread_blocked, id=38324, stack(0x00000094efe00000,0x00000094eff00000) (1024K)]
  0x00000281fb186ba0 JavaThread "Monitor Deflation Thread"   daemon [_thread_blocked, id=30560, stack(0x00000094eff00000,0x00000094f0000000) (1024K)]
  0x00000281fb187930 JavaThread "C2 CompilerThread0"         daemon [_thread_in_native, id=24800, stack(0x00000094f0000000,0x00000094f0100000) (1024K)]
  0x00000281fb1f5a00 JavaThread "C1 CompilerThread0"         daemon [_thread_blocked, id=6792, stack(0x00000094f0100000,0x00000094f0200000) (1024K)]
  0x00000281fb298030 JavaThread "C1 CompilerThread1"         daemon [_thread_blocked, id=36492, stack(0x00000094f0200000,0x00000094f0300000) (1024K)]
  0x00000281fb3beb80 JavaThread "Common-Cleaner"             daemon [_thread_blocked, id=42656, stack(0x00000094f0300000,0x00000094f0400000) (1024K)]
  0x00000281fca60480 JavaThread "Notification Thread"        daemon [_thread_blocked, id=19780, stack(0x00000094f0400000,0x00000094f0500000) (1024K)]
  0x00000281fcca8d30 JavaThread "C1 CompilerThread2"         daemon [_thread_blocked, id=44052, stack(0x00000094f0c00000,0x00000094f0d00000) (1024K)]
  0x00000281fcd8c0f0 JavaThread "Active Thread: Equinox Container: 3cdedfca-8e3e-449e-83de-982aa35b9465"        [_thread_blocked, id=19956, stack(0x00000094f0500000,0x00000094f0600000) (1024K)]
  0x00000281fccb92e0 JavaThread "Refresh Thread: Equinox Container: 3cdedfca-8e3e-449e-83de-982aa35b9465" daemon [_thread_blocked, id=17776, stack(0x00000094f0e00000,0x00000094f0f00000) (1024K)]
  0x00000281fd2872a0 JavaThread "Framework Event Dispatcher: Equinox Container: 3cdedfca-8e3e-449e-83de-982aa35b9465" daemon [_thread_blocked, id=41516, stack(0x00000094f0f00000,0x00000094f1000000) (1024K)]
  0x00000281fd284e70 JavaThread "Start Level: Equinox Container: 3cdedfca-8e3e-449e-83de-982aa35b9465" daemon [_thread_blocked, id=21240, stack(0x00000094f1000000,0x00000094f1100000) (1024K)]
  0x00000281fd8a00a0 JavaThread "Bundle File Closer"         daemon [_thread_blocked, id=22848, stack(0x00000094f1500000,0x00000094f1600000) (1024K)]
  0x00000281fd671850 JavaThread "SCR Component Actor"        daemon [_thread_blocked, id=16836, stack(0x00000094f1400000,0x00000094f1500000) (1024K)]
  0x00000281fd833f00 JavaThread "Worker-JM"                         [_thread_blocked, id=15716, stack(0x00000094f1800000,0x00000094f1900000) (1024K)]
  0x00000281fb40f040 JavaThread "JNA Cleaner"                daemon [_thread_blocked, id=43748, stack(0x00000094f1900000,0x00000094f1a00000) (1024K)]
  0x00000281fb40e320 JavaThread "Worker-0: Initialize workspace"        [_thread_blocked, id=47564, stack(0x00000094f1a00000,0x00000094f1b00000) (1024K)]
  0x00000281fb40fd60 JavaThread "Worker-1"                          [_thread_blocked, id=6440, stack(0x00000094f1b00000,0x00000094f1c00000) (1024K)]
  0x00000281fb4103f0 JavaThread "Worker-2: Publish Diagnostics"        [_thread_in_vm, id=4448, stack(0x00000094f1e00000,0x00000094f1f00000) (1024K)]
  0x00000281fb410a80 JavaThread "Java indexing"              daemon [_thread_blocked, id=50044, stack(0x00000094f1f00000,0x00000094f2000000) (1024K)]
  0x00000281fb411110 JavaThread "Worker-3"                          [_thread_blocked, id=20420, stack(0x00000094f2000000,0x00000094f2100000) (1024K)]
  0x00000281fb40f6d0 JavaThread "Worker-4"                          [_thread_blocked, id=43828, stack(0x00000094f2100000,0x00000094f2200000) (1024K)]
  0x00000281fb40e9b0 JavaThread "Thread-1"                   daemon [_thread_in_native, id=7000, stack(0x00000094f2200000,0x00000094f2300000) (1024K)]
  0x00000281fb4117a0 JavaThread "Thread-2"                   daemon [_thread_in_native, id=15136, stack(0x00000094f2300000,0x00000094f2400000) (1024K)]
  0x00000281fefcc770 JavaThread "Thread-3"                   daemon [_thread_in_native, id=29680, stack(0x00000094f2400000,0x00000094f2500000) (1024K)]
  0x00000281fefcad30 JavaThread "Thread-4"                   daemon [_thread_in_native, id=30320, stack(0x00000094f2500000,0x00000094f2600000) (1024K)]
  0x00000281fefc92f0 JavaThread "Thread-5"                   daemon [_thread_in_native, id=27172, stack(0x00000094f2600000,0x00000094f2700000) (1024K)]
  0x00000281fefc9980 JavaThread "Thread-6"                   daemon [_thread_in_native, id=45408, stack(0x00000094f2700000,0x00000094f2800000) (1024K)]
  0x00000281fefc57e0 JavaThread "Thread-7"                   daemon [_thread_in_native, id=49908, stack(0x00000094f2800000,0x00000094f2900000) (1024K)]
  0x00000281fefca6a0 JavaThread "Thread-8"                   daemon [_thread_in_native, id=34580, stack(0x00000094f2900000,0x00000094f2a00000) (1024K)]
  0x00000281fefca010 JavaThread "Thread-9"                   daemon [_thread_in_native, id=44020, stack(0x00000094f2a00000,0x00000094f2b00000) (1024K)]
  0x00000281fefc78b0 JavaThread "Thread-10"                  daemon [_thread_in_native, id=35308, stack(0x00000094f2b00000,0x00000094f2c00000) (1024K)]
  0x00000281fefc85d0 JavaThread "Thread-11"                  daemon [_thread_in_native, id=43164, stack(0x00000094f2c00000,0x00000094f2d00000) (1024K)]
  0x00000281fefc8c60 JavaThread "Thread-12"                  daemon [_thread_in_native, id=31016, stack(0x00000094f2d00000,0x00000094f2e00000) (1024K)]
  0x00000281fefcc0e0 JavaThread "Thread-13"                  daemon [_thread_in_native, id=48196, stack(0x00000094f2e00000,0x00000094f2f00000) (1024K)]
  0x00000281fefc6b90 JavaThread "Thread-14"                  daemon [_thread_in_native, id=44420, stack(0x00000094f2f00000,0x00000094f3000000) (1024K)]
  0x00000281fefc7220 JavaThread "Thread-15"                  daemon [_thread_in_native, id=39812, stack(0x00000094f3000000,0x00000094f3100000) (1024K)]
  0x00000281fefcb3c0 JavaThread "Thread-16"                  daemon [_thread_in_native, id=24188, stack(0x00000094f3100000,0x00000094f3200000) (1024K)]
  0x00000281fefcba50 JavaThread "Thread-17"                  daemon [_thread_in_native, id=40096, stack(0x00000094f3200000,0x00000094f3300000) (1024K)]
  0x00000281fefc6500 JavaThread "pool-2-thread-1"                   [_thread_blocked, id=45672, stack(0x00000094f3300000,0x00000094f3400000) (1024K)]
  0x00000281fefcce00 JavaThread "WorkspaceEventsHandler"            [_thread_blocked, id=27816, stack(0x00000094f3400000,0x00000094f3500000) (1024K)]
  0x00000281fefc5e70 JavaThread "pool-1-thread-1"                   [_thread_blocked, id=20492, stack(0x00000094f3500000,0x00000094f3600000) (1024K)]
  0x00000281fefc7f40 JavaThread "ForkJoinPool.commonPool-worker-1" daemon [_thread_blocked, id=17972, stack(0x00000094f3600000,0x00000094f3700000) (1024K)]
  0x00000281841400c0 JavaThread "ForkJoinPool.commonPool-worker-2" daemon [_thread_blocked, id=26616, stack(0x00000094f3700000,0x00000094f3800000) (1024K)]
  0x0000028184140750 JavaThread "ForkJoinPool.commonPool-worker-3" daemon [_thread_blocked, id=48504, stack(0x00000094f3800000,0x00000094f3900000) (1024K)]
  0x000002818413f3a0 JavaThread "ForkJoinPool.commonPool-worker-4" daemon [_thread_blocked, id=52816, stack(0x00000094f3900000,0x00000094f3a00000) (1024K)]
  0x0000028184141b00 JavaThread "ForkJoinPool.commonPool-worker-5" daemon [_thread_blocked, id=7504, stack(0x00000094f3a00000,0x00000094f3b00000) (1024K)]
  0x0000028184140de0 JavaThread "ForkJoinPool.commonPool-worker-6" daemon [_thread_blocked, id=33580, stack(0x00000094f3b00000,0x00000094f3c00000) (1024K)]
  0x0000028184142190 JavaThread "ForkJoinPool.commonPool-worker-8" daemon [_thread_blocked, id=42736, stack(0x00000094f3c00000,0x00000094f3d00000) (1024K)]
  0x000002818413fa30 JavaThread "ForkJoinPool.commonPool-worker-7" daemon [_thread_blocked, id=2516, stack(0x00000094f3d00000,0x00000094f3e00000) (1024K)]
  0x0000028184141470 JavaThread "ForkJoinPool.commonPool-worker-9" daemon [_thread_blocked, id=8096, stack(0x00000094f3e00000,0x00000094f3f00000) (1024K)]
  0x000002818413ed10 JavaThread "ForkJoinPool.commonPool-worker-10" daemon [_thread_blocked, id=37364, stack(0x00000094f3f00000,0x00000094f4000000) (1024K)]
  0x0000028184e09210 JavaThread "ForkJoinPool.commonPool-worker-11" daemon [_thread_blocked, id=25180, stack(0x00000094f4000000,0x00000094f4100000) (1024K)]
  0x0000028184e05d90 JavaThread "ForkJoinPool.commonPool-worker-12" daemon [_thread_blocked, id=4616, stack(0x00000094f4100000,0x00000094f4200000) (1024K)]
  0x0000028184e09f30 JavaThread "ForkJoinPool.commonPool-worker-13" daemon [_thread_blocked, id=35632, stack(0x00000094f4200000,0x00000094f4300000) (1024K)]
  0x0000028184e0a5c0 JavaThread "ForkJoinPool.commonPool-worker-14" daemon [_thread_blocked, id=46620, stack(0x00000094f4300000,0x00000094f4400000) (1024K)]
  0x0000028184e077d0 JavaThread "ForkJoinPool.commonPool-worker-15" daemon [_thread_blocked, id=34192, stack(0x00000094f4400000,0x00000094f4500000) (1024K)]
=>0x00000281ff39f850 JavaThread "C2 CompilerThread1"         daemon [_thread_in_native, id=19584, stack(0x00000094f1c00000,0x00000094f1d00000) (1024K)]
  0x0000028184e098a0 Thread "Unknown thread"                        [id=41948, stack(0x00000094f1d00000,0x00000094f1e00000) (1024K)]
  0x0000028184e0b970 Thread "Unknown thread"                        [id=40200, stack(0x00000094f4500000,0x00000094f4600000) (1024K)]
  0x0000028184e0c000 Thread "Unknown thread"                        [id=46956, stack(0x00000094f4600000,0x00000094f4700000) (1024K)]
  0x0000028184e07e60 Thread "Unknown thread"                        [id=27972, stack(0x00000094f4700000,0x00000094f4800000) (1024K)]
  0x0000028184e0ac50 Thread "Unknown thread"                        [id=48132, stack(0x00000094f4800000,0x00000094f4900000) (1024K)]
Total: 68

Other Threads:
  0x00000281a17b7930 VMThread "VM Thread"                           [id=53048, stack(0x00000094ef900000,0x00000094efa00000) (1024K)]
  0x00000281b8b8ca00 WatcherThread "VM Periodic Task Thread"        [id=24124, stack(0x00000094ef800000,0x00000094ef900000) (1024K)]
  0x00000281a173ad10 WorkerThread "GC Thread#0"                     [id=18112, stack(0x00000094ef700000,0x00000094ef800000) (1024K)]
  0x00000281fcf59950 WorkerThread "GC Thread#1"                     [id=22440, stack(0x00000094f0600000,0x00000094f0700000) (1024K)]
  0x00000281fd143730 WorkerThread "GC Thread#2"                     [id=26868, stack(0x00000094f0700000,0x00000094f0800000) (1024K)]
  0x00000281fcf4e1d0 WorkerThread "GC Thread#3"                     [id=51424, stack(0x00000094f0800000,0x00000094f0900000) (1024K)]
  0x00000281fcf43260 WorkerThread "GC Thread#4"                     [id=49208, stack(0x00000094f0900000,0x00000094f0a00000) (1024K)]
  0x00000281fcae2ca0 WorkerThread "GC Thread#5"                     [id=9884, stack(0x00000094f0a00000,0x00000094f0b00000) (1024K)]
  0x00000281fcae3050 WorkerThread "GC Thread#6"                     [id=35156, stack(0x00000094f0b00000,0x00000094f0c00000) (1024K)]
  0x00000281fd2dda80 WorkerThread "GC Thread#7"                     [id=26564, stack(0x00000094f0d00000,0x00000094f0e00000) (1024K)]
  0x00000281fd5f0d10 WorkerThread "GC Thread#8"                     [id=22128, stack(0x00000094f1100000,0x00000094f1200000) (1024K)]
  0x00000281fd5f10c0 WorkerThread "GC Thread#9"                     [id=44332, stack(0x00000094f1200000,0x00000094f1300000) (1024K)]
  0x00000281fd4a5f60 WorkerThread "GC Thread#10"                    [id=19000, stack(0x00000094f1300000,0x00000094f1400000) (1024K)]
  0x00000281fd66ca00 WorkerThread "GC Thread#11"                    [id=21340, stack(0x00000094f1600000,0x00000094f1700000) (1024K)]
  0x00000281fd7a25b0 WorkerThread "GC Thread#12"                    [id=52848, stack(0x00000094f1700000,0x00000094f1800000) (1024K)]
Total: 15

Threads with active compile tasks:
C2 CompilerThread0  18070 9193   !   4       org.codehaus.plexus.interpolation.StringSearchInterpolator::interpolate (692 bytes)
C1 CompilerThread0  18070 9422       3       org.eclipse.aether.util.graph.transformer.ConflictMarker::toKey (9 bytes)
C1 CompilerThread1  18070 9423       3       org.eclipse.aether.util.graph.transformer.ConflictMarker$Key::<init> (10 bytes)
C1 CompilerThread2  18071 9421       3       org.eclipse.aether.util.graph.transformer.ConflictMarker::analyze (356 bytes)
C2 CompilerThread1  18071 9101   !   4       org.eclipse.jdt.internal.core.util.DeduplicationUtil::intern (149 bytes)
Total: 5

VM state: not at safepoint (normal execution)

VM Mutex/Monitor currently owned by a thread:  ([mutex/lock_event])
[0x00007ff98afdc4e0] Metaspace_lock - owner thread: 0x00000281fb4103f0

Heap address: 0x0000000080000000, size: 2048 MB, Compressed Oops mode: 32-bit

CDS archive(s) mapped at: [0x00000281b9000000-0x00000281b9ba0000-0x00000281b9ba0000), size 12189696, SharedBaseAddress: 0x00000281b9000000, ArchiveRelocationMode: 1.
Compressed class space mapped at: 0x00000281ba000000-0x00000281fa000000, reserved size: 1073741824
Narrow klass base: 0x00000281b9000000, Narrow klass shift: 0, Narrow klass range: 0x100000000

GC Precious Log:
 CardTable entry size: 512
 CPUs: 16 total, 16 available
 Memory: 14020M
 Large Page Support: Disabled
 NUMA Support: Disabled
 Compressed Oops: Enabled (32-bit)
 Alignments: Space 512K, Generation 512K, Heap 2M
 Heap Min Capacity: 100M
 Heap Initial Capacity: 100M
 Heap Max Capacity: 2G
 Pre-touch: Disabled
 Parallel Workers: 13

Heap:
 PSYoungGen      total 14336K, used 11987K [0x00000000d5580000, 0x00000000d6480000, 0x0000000100000000)
  eden space 13312K, 83% used [0x00000000d5580000,0x00000000d60592d8,0x00000000d6280000)
  from space 1024K, 85% used [0x00000000d6280000,0x00000000d635bb00,0x00000000d6380000)
  to   space 1024K, 0% used [0x00000000d6380000,0x00000000d6380000,0x00000000d6480000)
 ParOldGen       total 68608K, used 64293K [0x0000000080000000, 0x0000000084300000, 0x00000000d5580000)
  object space 68608K, 93% used [0x0000000080000000,0x0000000083ec9490,0x0000000084300000)
 Metaspace       used 57243K, committed 58688K, reserved 1114112K
  class space    used 6162K, committed 6720K, reserved 1048576K

Card table byte_map: [0x00000281b3ff0000,0x00000281b4400000] _byte_map_base: 0x00000281b3bf0000

Marking Bits: (ParMarkBitMap*) 0x00007ff98afe3450
 Begin Bits: [0x00000281b46b0000, 0x00000281b66b0000)
 End Bits:   [0x00000281b66b0000, 0x00000281b86b0000)

Polling page: 0x000002819fe40000

Metaspace:

Usage:
  Non-class:     49.88 MB used.
      Class:      6.02 MB used.
       Both:     55.90 MB used.

Virtual space:
  Non-class space:       64.00 MB reserved,      50.75 MB ( 79%) committed,  1 nodes.
      Class space:        1.00 GB reserved,       6.56 MB ( <1%) committed,  1 nodes.
             Both:        1.06 GB reserved,      57.31 MB (  5%) committed. 

Chunk freelists:
   Non-Class:  13.17 MB
       Class:  9.36 MB
        Both:  22.53 MB

MaxMetaspaceSize: unlimited
CompressedClassSpaceSize: 1.00 GB
Initial GC threshold: 21.00 MB
Current GC threshold: 58.38 MB
CDS: on
 - commit_granule_bytes: 65536.
 - commit_granule_words: 8192.
 - virtual_space_node_default_size: 8388608.
 - enlarge_chunks_in_place: 1.
 - use_allocation_guard: 0.


Internal statistics:

num_allocs_failed_limit: 6.
num_arena_births: 1072.
num_arena_deaths: 14.
num_vsnodes_births: 2.
num_vsnodes_deaths: 0.
num_space_committed: 916.
num_space_uncommitted: 0.
num_chunks_returned_to_freelist: 20.
num_chunks_taken_from_freelist: 3727.
num_chunk_merges: 8.
num_chunk_splits: 2303.
num_chunks_enlarged: 1279.
num_inconsistent_stats: 0.

CodeHeap 'non-profiled nmethods': size=119168Kb used=4543Kb max_used=4543Kb free=114624Kb
 bounds [0x00000281ac9b0000, 0x00000281ace20000, 0x00000281b3e10000]
CodeHeap 'profiled nmethods': size=119104Kb used=18789Kb max_used=18789Kb free=100314Kb
 bounds [0x00000281a4e10000, 0x00000281a6070000, 0x00000281ac260000]
CodeHeap 'non-nmethods': size=7488Kb used=2536Kb max_used=3123Kb free=4951Kb
 bounds [0x00000281ac260000, 0x00000281ac580000, 0x00000281ac9b0000]
CodeCache: size=245760Kb, used=25868Kb, max_used=26455Kb, free=219889Kb
 total_blobs=9529, nmethods=8805, adapters=628, full_count=0
Compilation: enabled, stopped_count=0, restarted_count=0

Compilation events (20 events):
Event: 17.885 Thread 0x00000281fcca8d30 9231       3       org.apache.maven.model.inheritance.DefaultInheritanceAssembler$InheritanceModelMerger::mergeReporting_Plugins (253 bytes)
Event: 17.885 Thread 0x00000281fb1f5a00 nmethod 9229 0x00000281a5fa4d90 code [0x00000281a5fa4fa0, 0x00000281a5fa5650]
Event: 17.885 Thread 0x00000281fb1f5a00 9230       3       org.apache.maven.model.merge.ModelMerger::mergeModel (208 bytes)
Event: 17.886 Thread 0x00000281fb1f5a00 nmethod 9230 0x00000281a5fa5890 code [0x00000281a5fa5bc0, 0x00000281a5fa7000]
Event: 17.886 Thread 0x00000281fb1f5a00 9232       3       org.apache.maven.model.merge.ModelMerger::mergeModel_Parent (55 bytes)
Event: 17.886 Thread 0x00000281fb1f5a00 nmethod 9232 0x00000281a5fa7310 code [0x00000281a5fa74e0, 0x00000281a5fa7930]
Event: 17.886 Thread 0x00000281fb1f5a00 9233       3       org.apache.maven.model.merge.ModelMerger::mergeModel_GroupId (41 bytes)
Event: 17.887 Thread 0x00000281fb1f5a00 nmethod 9233 0x00000281a5fa7b10 code [0x00000281a5fa7ce0, 0x00000281a5fa80b8]
Event: 17.887 Thread 0x00000281fb1f5a00 9234       3       org.apache.maven.model.merge.ModelMerger::mergeModel_Version (41 bytes)
Event: 17.887 Thread 0x00000281fb1f5a00 nmethod 9234 0x00000281a5fa8210 code [0x00000281a5fa83e0, 0x00000281a5fa87b8]
Event: 17.887 Thread 0x00000281fb1f5a00 9235       3       org.apache.maven.model.merge.MavenModelMerger::mergeModel_Name (34 bytes)
Event: 17.887 Thread 0x00000281fb298030 nmethod 9228 0x00000281a5fa8910 code [0x00000281a5fa8d60, 0x00000281a5faa880]
Event: 17.887 Thread 0x00000281fb298030 9236       3       org.apache.maven.model.merge.MavenModelMerger::mergeModel_CiManagement (63 bytes)
Event: 17.887 Thread 0x00000281fb1f5a00 nmethod 9235 0x00000281a5fab410 code [0x00000281a5fab5e0, 0x00000281a5fab950]
Event: 17.887 Thread 0x00000281fb1f5a00 9237       3       org.apache.maven.model.merge.ModelMerger::mergePlugin (64 bytes)
Event: 17.888 Thread 0x00000281fb1f5a00 nmethod 9237 0x00000281a5faba90 code [0x00000281a5fabca0, 0x00000281a5fac380]
Event: 17.888 Thread 0x00000281fcca8d30 nmethod 9231 0x00000281a5fac510 code [0x00000281a5facaa0, 0x00000281a5faf960]
Event: 17.888 Thread 0x00000281fb298030 nmethod 9236 0x00000281a5fb0910 code [0x00000281a5fb0b00, 0x00000281a5fb1000]
Event: 17.888 Thread 0x00000281fb187930 nmethod 9170 0x00000281ace1bf10 code [0x00000281ace1c180, 0x00000281ace1cf10]
Event: 17.888 Thread 0x00000281fb187930 9193   !   4       org.codehaus.plexus.interpolation.StringSearchInterpolator::interpolate (692 bytes)

GC Heap History (20 events):
Event: 17.455 GC heap before
{Heap before GC invocations=43 (full 2):
 PSYoungGen      total 15360K, used 15102K [0x00000000d5580000, 0x00000000d6680000, 0x0000000100000000)
  eden space 13824K, 100% used [0x00000000d5580000,0x00000000d6300000,0x00000000d6300000)
  from space 1536K, 83% used [0x00000000d6500000,0x00000000d663f840,0x00000000d6680000)
  to   space 1536K, 0% used [0x00000000d6380000,0x00000000d6380000,0x00000000d6500000)
 ParOldGen       total 68608K, used 56952K [0x0000000080000000, 0x0000000084300000, 0x00000000d5580000)
  object space 68608K, 83% used [0x0000000080000000,0x000000008379e2a0,0x0000000084300000)
 Metaspace       used 56182K, committed 57664K, reserved 1114112K
  class space    used 6096K, committed 6720K, reserved 1048576K
}
Event: 17.456 GC heap after
{Heap after GC invocations=43 (full 2):
 PSYoungGen      total 15360K, used 1056K [0x00000000d5580000, 0x00000000d6600000, 0x0000000100000000)
  eden space 13824K, 0% used [0x00000000d5580000,0x00000000d5580000,0x00000000d6300000)
  from space 1536K, 68% used [0x00000000d6380000,0x00000000d6488000,0x00000000d6500000)
  to   space 1024K, 0% used [0x00000000d6500000,0x00000000d6500000,0x00000000d6600000)
 ParOldGen       total 68608K, used 58031K [0x0000000080000000, 0x0000000084300000, 0x00000000d5580000)
  object space 68608K, 84% used [0x0000000080000000,0x00000000838abf18,0x0000000084300000)
 Metaspace       used 56182K, committed 57664K, reserved 1114112K
  class space    used 6096K, committed 6720K, reserved 1048576K
}
Event: 17.510 GC heap before
{Heap before GC invocations=44 (full 2):
 PSYoungGen      total 15360K, used 14880K [0x00000000d5580000, 0x00000000d6600000, 0x0000000100000000)
  eden space 13824K, 100% used [0x00000000d5580000,0x00000000d6300000,0x00000000d6300000)
  from space 1536K, 68% used [0x00000000d6380000,0x00000000d6488000,0x00000000d6500000)
  to   space 1024K, 0% used [0x00000000d6500000,0x00000000d6500000,0x00000000d6600000)
 ParOldGen       total 68608K, used 58031K [0x0000000080000000, 0x0000000084300000, 0x00000000d5580000)
  object space 68608K, 84% used [0x0000000080000000,0x00000000838abf18,0x0000000084300000)
 Metaspace       used 56212K, committed 57664K, reserved 1114112K
  class space    used 6096K, committed 6720K, reserved 1048576K
}
Event: 17.512 GC heap after
{Heap after GC invocations=44 (full 2):
 PSYoungGen      total 14336K, used 1011K [0x00000000d5580000, 0x00000000d6800000, 0x0000000100000000)
  eden space 13312K, 0% used [0x00000000d5580000,0x00000000d5580000,0x00000000d6280000)
  from space 1024K, 98% used [0x00000000d6500000,0x00000000d65fccf0,0x00000000d6600000)
  to   space 2560K, 0% used [0x00000000d6280000,0x00000000d6280000,0x00000000d6500000)
 ParOldGen       total 68608K, used 59215K [0x0000000080000000, 0x0000000084300000, 0x00000000d5580000)
  object space 68608K, 86% used [0x0000000080000000,0x00000000839d3f28,0x0000000084300000)
 Metaspace       used 56212K, committed 57664K, reserved 1114112K
  class space    used 6096K, committed 6720K, reserved 1048576K
}
Event: 17.539 GC heap before
{Heap before GC invocations=45 (full 2):
 PSYoungGen      total 14336K, used 14323K [0x00000000d5580000, 0x00000000d6800000, 0x0000000100000000)
  eden space 13312K, 100% used [0x00000000d5580000,0x00000000d6280000,0x00000000d6280000)
  from space 1024K, 98% used [0x00000000d6500000,0x00000000d65fccf0,0x00000000d6600000)
  to   space 2560K, 0% used [0x00000000d6280000,0x00000000d6280000,0x00000000d6500000)
 ParOldGen       total 68608K, used 59215K [0x0000000080000000, 0x0000000084300000, 0x00000000d5580000)
  object space 68608K, 86% used [0x0000000080000000,0x00000000839d3f28,0x0000000084300000)
 Metaspace       used 56220K, committed 57664K, reserved 1114112K
  class space    used 6096K, committed 6720K, reserved 1048576K
}
Event: 17.540 GC heap after
{Heap after GC invocations=45 (full 2):
 PSYoungGen      total 14336K, used 864K [0x00000000d5580000, 0x00000000d6580000, 0x0000000100000000)
  eden space 13312K, 0% used [0x00000000d5580000,0x00000000d5580000,0x00000000d6280000)
  from space 1024K, 84% used [0x00000000d6280000,0x00000000d6358000,0x00000000d6380000)
  to   space 1536K, 0% used [0x00000000d6400000,0x00000000d6400000,0x00000000d6580000)
 ParOldGen       total 68608K, used 60217K [0x0000000080000000, 0x0000000084300000, 0x00000000d5580000)
  object space 68608K, 87% used [0x0000000080000000,0x0000000083ace628,0x0000000084300000)
 Metaspace       used 56220K, committed 57664K, reserved 1114112K
  class space    used 6096K, committed 6720K, reserved 1048576K
}
Event: 17.593 GC heap before
{Heap before GC invocations=46 (full 2):
 PSYoungGen      total 14336K, used 14176K [0x00000000d5580000, 0x00000000d6580000, 0x0000000100000000)
  eden space 13312K, 100% used [0x00000000d5580000,0x00000000d6280000,0x00000000d6280000)
  from space 1024K, 84% used [0x00000000d6280000,0x00000000d6358000,0x00000000d6380000)
  to   space 1536K, 0% used [0x00000000d6400000,0x00000000d6400000,0x00000000d6580000)
 ParOldGen       total 68608K, used 60217K [0x0000000080000000, 0x0000000084300000, 0x00000000d5580000)
  object space 68608K, 87% used [0x0000000080000000,0x0000000083ace628,0x0000000084300000)
 Metaspace       used 56267K, committed 57728K, reserved 1114112K
  class space    used 6096K, committed 6720K, reserved 1048576K
}
Event: 17.595 GC heap after
{Heap after GC invocations=46 (full 2):
 PSYoungGen      total 14336K, used 914K [0x00000000d5580000, 0x00000000d6500000, 0x0000000100000000)
  eden space 13312K, 0% used [0x00000000d5580000,0x00000000d5580000,0x00000000d6280000)
  from space 1024K, 89% used [0x00000000d6400000,0x00000000d64e4a88,0x00000000d6500000)
  to   space 1024K, 0% used [0x00000000d6280000,0x00000000d6280000,0x00000000d6380000)
 ParOldGen       total 68608K, used 60801K [0x0000000080000000, 0x0000000084300000, 0x00000000d5580000)
  object space 68608K, 88% used [0x0000000080000000,0x0000000083b60628,0x0000000084300000)
 Metaspace       used 56267K, committed 57728K, reserved 1114112K
  class space    used 6096K, committed 6720K, reserved 1048576K
}
Event: 17.635 GC heap before
{Heap before GC invocations=47 (full 2):
 PSYoungGen      total 14336K, used 14226K [0x00000000d5580000, 0x00000000d6500000, 0x0000000100000000)
  eden space 13312K, 100% used [0x00000000d5580000,0x00000000d6280000,0x00000000d6280000)
  from space 1024K, 89% used [0x00000000d6400000,0x00000000d64e4a88,0x00000000d6500000)
  to   space 1024K, 0% used [0x00000000d6280000,0x00000000d6280000,0x00000000d6380000)
 ParOldGen       total 68608K, used 60801K [0x0000000080000000, 0x0000000084300000, 0x00000000d5580000)
  object space 68608K, 88% used [0x0000000080000000,0x0000000083b60628,0x0000000084300000)
 Metaspace       used 56272K, committed 57728K, reserved 1114112K
  class space    used 6097K, committed 6720K, reserved 1048576K
}
Event: 17.636 GC heap after
{Heap after GC invocations=47 (full 2):
 PSYoungGen      total 14336K, used 737K [0x00000000d5580000, 0x00000000d6480000, 0x0000000100000000)
  eden space 13312K, 0% used [0x00000000d5580000,0x00000000d5580000,0x00000000d6280000)
  from space 1024K, 72% used [0x00000000d6280000,0x00000000d63387d8,0x00000000d6380000)
  to   space 1024K, 0% used [0x00000000d6380000,0x00000000d6380000,0x00000000d6480000)
 ParOldGen       total 68608K, used 61499K [0x0000000080000000, 0x0000000084300000, 0x00000000d5580000)
  object space 68608K, 89% used [0x0000000080000000,0x0000000083c0ec18,0x0000000084300000)
 Metaspace       used 56272K, committed 57728K, reserved 1114112K
  class space    used 6097K, committed 6720K, reserved 1048576K
}
Event: 17.676 GC heap before
{Heap before GC invocations=48 (full 2):
 PSYoungGen      total 14336K, used 14049K [0x00000000d5580000, 0x00000000d6480000, 0x0000000100000000)
  eden space 13312K, 100% used [0x00000000d5580000,0x00000000d6280000,0x00000000d6280000)
  from space 1024K, 72% used [0x00000000d6280000,0x00000000d63387d8,0x00000000d6380000)
  to   space 1024K, 0% used [0x00000000d6380000,0x00000000d6380000,0x00000000d6480000)
 ParOldGen       total 68608K, used 61499K [0x0000000080000000, 0x0000000084300000, 0x00000000d5580000)
  object space 68608K, 89% used [0x0000000080000000,0x0000000083c0ec18,0x0000000084300000)
 Metaspace       used 56311K, committed 57728K, reserved 1114112K
  class space    used 6102K, committed 6720K, reserved 1048576K
}
Event: 17.677 GC heap after
{Heap after GC invocations=48 (full 2):
 PSYoungGen      total 14336K, used 616K [0x00000000d5580000, 0x00000000d6480000, 0x0000000100000000)
  eden space 13312K, 0% used [0x00000000d5580000,0x00000000d5580000,0x00000000d6280000)
  from space 1024K, 60% used [0x00000000d6380000,0x00000000d641a118,0x00000000d6480000)
  to   space 1024K, 0% used [0x00000000d6280000,0x00000000d6280000,0x00000000d6380000)
 ParOldGen       total 68608K, used 61913K [0x0000000080000000, 0x0000000084300000, 0x00000000d5580000)
  object space 68608K, 90% used [0x0000000080000000,0x0000000083c76650,0x0000000084300000)
 Metaspace       used 56311K, committed 57728K, reserved 1114112K
  class space    used 6102K, committed 6720K, reserved 1048576K
}
Event: 17.730 GC heap before
{Heap before GC invocations=49 (full 2):
 PSYoungGen      total 14336K, used 13928K [0x00000000d5580000, 0x00000000d6480000, 0x0000000100000000)
  eden space 13312K, 100% used [0x00000000d5580000,0x00000000d6280000,0x00000000d6280000)
  from space 1024K, 60% used [0x00000000d6380000,0x00000000d641a118,0x00000000d6480000)
  to   space 1024K, 0% used [0x00000000d6280000,0x00000000d6280000,0x00000000d6380000)
 ParOldGen       total 68608K, used 61913K [0x0000000080000000, 0x0000000084300000, 0x00000000d5580000)
  object space 68608K, 90% used [0x0000000080000000,0x0000000083c76650,0x0000000084300000)
 Metaspace       used 56325K, committed 57792K, reserved 1114112K
  class space    used 6104K, committed 6720K, reserved 1048576K
}
Event: 17.733 GC heap after
{Heap after GC invocations=49 (full 2):
 PSYoungGen      total 14336K, used 847K [0x00000000d5580000, 0x00000000d6480000, 0x0000000100000000)
  eden space 13312K, 0% used [0x00000000d5580000,0x00000000d5580000,0x00000000d6280000)
  from space 1024K, 82% used [0x00000000d6280000,0x00000000d6353ee8,0x00000000d6380000)
  to   space 1024K, 0% used [0x00000000d6380000,0x00000000d6380000,0x00000000d6480000)
 ParOldGen       total 68608K, used 62281K [0x0000000080000000, 0x0000000084300000, 0x00000000d5580000)
  object space 68608K, 90% used [0x0000000080000000,0x0000000083cd2560,0x0000000084300000)
 Metaspace       used 56325K, committed 57792K, reserved 1114112K
  class space    used 6104K, committed 6720K, reserved 1048576K
}
Event: 17.788 GC heap before
{Heap before GC invocations=50 (full 2):
 PSYoungGen      total 14336K, used 14159K [0x00000000d5580000, 0x00000000d6480000, 0x0000000100000000)
  eden space 13312K, 100% used [0x00000000d5580000,0x00000000d6280000,0x00000000d6280000)
  from space 1024K, 82% used [0x00000000d6280000,0x00000000d6353ee8,0x00000000d6380000)
  to   space 1024K, 0% used [0x00000000d6380000,0x00000000d6380000,0x00000000d6480000)
 ParOldGen       total 68608K, used 62281K [0x0000000080000000, 0x0000000084300000, 0x00000000d5580000)
  object space 68608K, 90% used [0x0000000080000000,0x0000000083cd2560,0x0000000084300000)
 Metaspace       used 56390K, committed 57856K, reserved 1114112K
  class space    used 6105K, committed 6720K, reserved 1048576K
}
Event: 17.789 GC heap after
{Heap after GC invocations=50 (full 2):
 PSYoungGen      total 14336K, used 972K [0x00000000d5580000, 0x00000000d6480000, 0x0000000100000000)
  eden space 13312K, 0% used [0x00000000d5580000,0x00000000d5580000,0x00000000d6280000)
  from space 1024K, 95% used [0x00000000d6380000,0x00000000d64733c0,0x00000000d6480000)
  to   space 1024K, 0% used [0x00000000d6280000,0x00000000d6280000,0x00000000d6380000)
 ParOldGen       total 68608K, used 62764K [0x0000000080000000, 0x0000000084300000, 0x00000000d5580000)
  object space 68608K, 91% used [0x0000000080000000,0x0000000083d4b2a0,0x0000000084300000)
 Metaspace       used 56390K, committed 57856K, reserved 1114112K
  class space    used 6105K, committed 6720K, reserved 1048576K
}
Event: 17.830 GC heap before
{Heap before GC invocations=51 (full 2):
 PSYoungGen      total 14336K, used 14284K [0x00000000d5580000, 0x00000000d6480000, 0x0000000100000000)
  eden space 13312K, 100% used [0x00000000d5580000,0x00000000d6280000,0x00000000d6280000)
  from space 1024K, 95% used [0x00000000d6380000,0x00000000d64733c0,0x00000000d6480000)
  to   space 1024K, 0% used [0x00000000d6280000,0x00000000d6280000,0x00000000d6380000)
 ParOldGen       total 68608K, used 62764K [0x0000000080000000, 0x0000000084300000, 0x00000000d5580000)
  object space 68608K, 91% used [0x0000000080000000,0x0000000083d4b2a0,0x0000000084300000)
 Metaspace       used 56421K, committed 57856K, reserved 1114112K
  class space    used 6105K, committed 6720K, reserved 1048576K
}
Event: 17.831 GC heap after
{Heap after GC invocations=51 (full 2):
 PSYoungGen      total 14336K, used 939K [0x00000000d5580000, 0x00000000d6480000, 0x0000000100000000)
  eden space 13312K, 0% used [0x00000000d5580000,0x00000000d5580000,0x00000000d6280000)
  from space 1024K, 91% used [0x00000000d6280000,0x00000000d636ae88,0x00000000d6380000)
  to   space 1024K, 0% used [0x00000000d6380000,0x00000000d6380000,0x00000000d6480000)
 ParOldGen       total 68608K, used 63332K [0x0000000080000000, 0x0000000084300000, 0x00000000d5580000)
  object space 68608K, 92% used [0x0000000080000000,0x0000000083dd9390,0x0000000084300000)
 Metaspace       used 56421K, committed 57856K, reserved 1114112K
  class space    used 6105K, committed 6720K, reserved 1048576K
}
Event: 17.870 GC heap before
{Heap before GC invocations=52 (full 2):
 PSYoungGen      total 14336K, used 14251K [0x00000000d5580000, 0x00000000d6480000, 0x0000000100000000)
  eden space 13312K, 100% used [0x00000000d5580000,0x00000000d6280000,0x00000000d6280000)
  from space 1024K, 91% used [0x00000000d6280000,0x00000000d636ae88,0x00000000d6380000)
  to   space 1024K, 0% used [0x00000000d6380000,0x00000000d6380000,0x00000000d6480000)
 ParOldGen       total 68608K, used 63332K [0x0000000080000000, 0x0000000084300000, 0x00000000d5580000)
  object space 68608K, 92% used [0x0000000080000000,0x0000000083dd9390,0x0000000084300000)
 Metaspace       used 56504K, committed 57920K, reserved 1114112K
  class space    used 6105K, committed 6720K, reserved 1048576K
}
Event: 17.872 GC heap after
{Heap after GC invocations=52 (full 2):
 PSYoungGen      total 14336K, used 988K [0x00000000d5580000, 0x00000000d6480000, 0x0000000100000000)
  eden space 13312K, 0% used [0x00000000d5580000,0x00000000d5580000,0x00000000d6280000)
  from space 1024K, 96% used [0x00000000d6380000,0x00000000d6477098,0x00000000d6480000)
  to   space 1024K, 0% used [0x00000000d6280000,0x00000000d6280000,0x00000000d6380000)
 ParOldGen       total 68608K, used 63789K [0x0000000080000000, 0x0000000084300000, 0x00000000d5580000)
  object space 68608K, 92% used [0x0000000080000000,0x0000000083e4b430,0x0000000084300000)
 Metaspace       used 56504K, committed 57920K, reserved 1114112K
  class space    used 6105K, committed 6720K, reserved 1048576K
}

Dll operation events (10 events):
Event: 0.081 Loaded shared library c:\Users\wangjunying\.cursor\extensions\redhat.java-1.53.0-win32-x64\jre\21.0.10-win32-x86_64\bin\java.dll
Event: 0.150 Loaded shared library c:\Users\wangjunying\.cursor\extensions\redhat.java-1.53.0-win32-x64\jre\21.0.10-win32-x86_64\bin\zip.dll
Event: 0.305 Loaded shared library C:\Users\wangjunying\.cursor\extensions\redhat.java-1.53.0-win32-x64\jre\21.0.10-win32-x86_64\bin\instrument.dll
Event: 0.323 Loaded shared library C:\Users\wangjunying\.cursor\extensions\redhat.java-1.53.0-win32-x64\jre\21.0.10-win32-x86_64\bin\net.dll
Event: 0.333 Loaded shared library C:\Users\wangjunying\.cursor\extensions\redhat.java-1.53.0-win32-x64\jre\21.0.10-win32-x86_64\bin\nio.dll
Event: 0.343 Loaded shared library C:\Users\wangjunying\.cursor\extensions\redhat.java-1.53.0-win32-x64\jre\21.0.10-win32-x86_64\bin\zip.dll
Event: 0.395 Loaded shared library C:\Users\wangjunying\.cursor\extensions\redhat.java-1.53.0-win32-x64\jre\21.0.10-win32-x86_64\bin\jimage.dll
Event: 0.612 Loaded shared library c:\Users\wangjunying\.cursor\extensions\redhat.java-1.53.0-win32-x64\jre\21.0.10-win32-x86_64\bin\verify.dll
Event: 3.324 Loaded shared library C:\Users\wangjunying\AppData\Roaming\Cursor\User\globalStorage\redhat.java\1.53.0\config_win\org.eclipse.equinox.launcher\org.eclipse.equinox.launcher.win32.win32.x86_64_1.3.0.v20260203-2149\eclipse_11919.dll
Event: 6.620 Loaded shared library C:\Users\wangjunying\AppData\Local\Temp\jna--60428183\jna3592914790201472584.dll

Deoptimization events (20 events):
Event: 17.793 Thread 0x00000281fb4103f0 DEOPT PACKING pc=0x00000281ace08a18 sp=0x00000094f1efe390
Event: 17.793 Thread 0x00000281fb4103f0 DEOPT UNPACKING pc=0x00000281ac2b3aa2 sp=0x00000094f1efe360 mode 2
Event: 17.818 Thread 0x0000028184e0c000 DEOPT PACKING pc=0x00000281a5e7074d sp=0x00000094f46fe6d0
Event: 17.818 Thread 0x0000028184e0c000 DEOPT UNPACKING pc=0x00000281ac2b4242 sp=0x00000094f46fdc08 mode 0
Event: 17.827 Thread 0x0000028184e0b970 Uncommon trap: trap_request=0xffffffde fr.pc=0x00000281acbf0c78 relative=0x0000000000000af8
Event: 17.827 Thread 0x0000028184e0b970 Uncommon trap: reason=class_check action=maybe_recompile pc=0x00000281acbf0c78 method=java.util.concurrent.ConcurrentHashMap.putVal(Ljava/lang/Object;Ljava/lang/Object;Z)Ljava/lang/Object; @ 242 c2
Event: 17.827 Thread 0x0000028184e0b970 DEOPT PACKING pc=0x00000281acbf0c78 sp=0x00000094f45fea40
Event: 17.827 Thread 0x0000028184e0b970 DEOPT UNPACKING pc=0x00000281ac2b3aa2 sp=0x00000094f45fe9b0 mode 2
Event: 17.832 Thread 0x0000028184e0c000 Uncommon trap: trap_request=0xffffffde fr.pc=0x00000281acbf0c78 relative=0x0000000000000af8
Event: 17.832 Thread 0x0000028184e0c000 Uncommon trap: reason=class_check action=maybe_recompile pc=0x00000281acbf0c78 method=java.util.concurrent.ConcurrentHashMap.putVal(Ljava/lang/Object;Ljava/lang/Object;Z)Ljava/lang/Object; @ 242 c2
Event: 17.832 Thread 0x0000028184e0c000 DEOPT PACKING pc=0x00000281acbf0c78 sp=0x00000094f46fe920
Event: 17.832 Thread 0x0000028184e0c000 DEOPT UNPACKING pc=0x00000281ac2b3aa2 sp=0x00000094f46fe890 mode 2
Event: 17.836 Thread 0x0000028184e07e60 DEOPT PACKING pc=0x00000281a5e7074d sp=0x00000094f47fde00
Event: 17.836 Thread 0x0000028184e07e60 DEOPT UNPACKING pc=0x00000281ac2b4242 sp=0x00000094f47fd338 mode 0
Event: 17.836 Thread 0x0000028184e0b970 Uncommon trap: trap_request=0xffffffde fr.pc=0x00000281acbf0c78 relative=0x0000000000000af8
Event: 17.836 Thread 0x0000028184e0b970 Uncommon trap: reason=class_check action=maybe_recompile pc=0x00000281acbf0c78 method=java.util.concurrent.ConcurrentHashMap.putVal(Ljava/lang/Object;Ljava/lang/Object;Z)Ljava/lang/Object; @ 242 c2
Event: 17.836 Thread 0x0000028184e0b970 DEOPT PACKING pc=0x00000281acbf0c78 sp=0x00000094f45fea40
Event: 17.836 Thread 0x0000028184e0b970 DEOPT UNPACKING pc=0x00000281ac2b3aa2 sp=0x00000094f45fe9b0 mode 2
Event: 17.845 Thread 0x0000028184e098a0 DEOPT PACKING pc=0x00000281a5e7074d sp=0x00000094f1dfe220
Event: 17.845 Thread 0x0000028184e098a0 DEOPT UNPACKING pc=0x00000281ac2b4242 sp=0x00000094f1dfd758 mode 0

Classes loaded (20 events):
Event: 16.047 Loading class java/util/WeakHashMap$KeyIterator
Event: 16.047 Loading class java/util/WeakHashMap$KeyIterator done
Event: 16.109 Loading class java/util/Hashtable$KeySet
Event: 16.109 Loading class java/util/Hashtable$KeySet done
Event: 17.385 Loading class java/util/concurrent/CompletableFuture$UniApply
Event: 17.385 Loading class java/util/concurrent/CompletableFuture$UniCompletion
Event: 17.386 Loading class java/util/concurrent/CompletableFuture$UniCompletion done
Event: 17.386 Loading class java/util/concurrent/CompletableFuture$UniApply done
Event: 17.386 Loading class java/util/concurrent/CompletableFuture$UniAccept
Event: 17.386 Loading class java/util/concurrent/CompletableFuture$UniAccept done
Event: 17.386 Loading class java/util/concurrent/CompletableFuture$UniExceptionally
Event: 17.387 Loading class java/util/concurrent/CompletableFuture$UniExceptionally done
Event: 17.395 Loading class jdk/internal/icu/text/NormalizerBase$NFCModeImpl
Event: 17.396 Loading class jdk/internal/icu/text/NormalizerBase$NFCModeImpl done
Event: 17.396 Loading class jdk/internal/icu/impl/Norm2AllModes$NFCSingleton
Event: 17.396 Loading class jdk/internal/icu/impl/Norm2AllModes$NFCSingleton done
Event: 17.397 Loading class java/nio/StringCharBuffer
Event: 17.397 Loading class java/nio/StringCharBuffer done
Event: 17.404 Loading class sun/nio/cs/ISO_8859_1$Decoder
Event: 17.405 Loading class sun/nio/cs/ISO_8859_1$Decoder done

Classes unloaded (7 events):
Event: 7.478 Thread 0x00000281a17b7930 Unloading class 0x00000281ba1a4400 'java/lang/invoke/LambdaForm$MH+0x00000281ba1a4400'
Event: 7.478 Thread 0x00000281a17b7930 Unloading class 0x00000281ba1a4000 'java/lang/invoke/LambdaForm$MH+0x00000281ba1a4000'
Event: 7.478 Thread 0x00000281a17b7930 Unloading class 0x00000281ba1a3c00 'java/lang/invoke/LambdaForm$MH+0x00000281ba1a3c00'
Event: 7.479 Thread 0x00000281a17b7930 Unloading class 0x00000281ba1a3800 'java/lang/invoke/LambdaForm$MH+0x00000281ba1a3800'
Event: 7.479 Thread 0x00000281a17b7930 Unloading class 0x00000281ba1a3400 'java/lang/invoke/LambdaForm$BMH+0x00000281ba1a3400'
Event: 7.479 Thread 0x00000281a17b7930 Unloading class 0x00000281ba1a3000 'java/lang/invoke/LambdaForm$DMH+0x00000281ba1a3000'
Event: 7.479 Thread 0x00000281a17b7930 Unloading class 0x00000281ba1a2000 'java/lang/invoke/LambdaForm$DMH+0x00000281ba1a2000'

Classes redefined (0 events):
No events

Internal exceptions (20 events):
Event: 16.136 Thread 0x00000281fb40e320 Exception <a 'sun/nio/fs/WindowsException'{0x00000000d61ef778}> (0x00000000d61ef778) 
thrown [s\src\hotspot\share\prims\jni.cpp, line 520]
Event: 16.137 Thread 0x00000281fb40e320 Exception <a 'sun/nio/fs/WindowsException'{0x00000000d61f0ac0}> (0x00000000d61f0ac0) 
thrown [s\src\hotspot\share\prims\jni.cpp, line 520]
Event: 16.137 Thread 0x00000281fb40e320 Exception <a 'sun/nio/fs/WindowsException'{0x00000000d61f1320}> (0x00000000d61f1320) 
thrown [s\src\hotspot\share\prims\jni.cpp, line 520]
Event: 16.137 Thread 0x00000281fb40e320 Exception <a 'sun/nio/fs/WindowsException'{0x00000000d61f2920}> (0x00000000d61f2920) 
thrown [s\src\hotspot\share\prims\jni.cpp, line 520]
Event: 16.138 Thread 0x00000281fb40e320 Exception <a 'sun/nio/fs/WindowsException'{0x00000000d61f31c0}> (0x00000000d61f31c0) 
thrown [s\src\hotspot\share\prims\jni.cpp, line 520]
Event: 16.144 Thread 0x00000281fb40e320 Exception <a 'java/io/FileNotFoundException'{0x00000000d622f5f8}> (0x00000000d622f5f8) 
thrown [s\src\hotspot\share\prims\jni.cpp, line 520]
Event: 16.145 Thread 0x00000281fb40e320 Exception <a 'java/io/FileNotFoundException'{0x00000000d62305c0}> (0x00000000d62305c0) 
thrown [s\src\hotspot\share\prims\jni.cpp, line 520]
Event: 16.151 Thread 0x00000281fb40e320 Exception <a 'sun/nio/fs/WindowsException'{0x00000000d626e7d0}> (0x00000000d626e7d0) 
thrown [s\src\hotspot\share\prims\jni.cpp, line 520]
Event: 16.151 Thread 0x00000281fb40e320 Exception <a 'sun/nio/fs/WindowsException'{0x00000000d626f070}> (0x00000000d626f070) 
thrown [s\src\hotspot\share\prims\jni.cpp, line 520]
Event: 16.152 Thread 0x00000281fb40e320 Exception <a 'sun/nio/fs/WindowsException'{0x00000000d6270108}> (0x00000000d6270108) 
thrown [s\src\hotspot\share\prims\jni.cpp, line 520]
Event: 16.152 Thread 0x00000281fb40e320 Exception <a 'sun/nio/fs/WindowsException'{0x00000000d62706b8}> (0x00000000d62706b8) 
thrown [s\src\hotspot\share\prims\jni.cpp, line 520]
Event: 16.153 Thread 0x00000281fb40e320 Exception <a 'sun/nio/fs/WindowsException'{0x00000000d6271a00}> (0x00000000d6271a00) 
thrown [s\src\hotspot\share\prims\jni.cpp, line 520]
Event: 16.153 Thread 0x00000281fb40e320 Exception <a 'sun/nio/fs/WindowsException'{0x00000000d62722a0}> (0x00000000d62722a0) 
thrown [s\src\hotspot\share\prims\jni.cpp, line 520]
Event: 16.296 Thread 0x00000281fb40e320 Exception <a 'java/lang/NoSuchMethodError'{0x00000000d59d15d0}: 'void java.lang.invoke.DirectMethodHandle$Holder.invokeStatic(java.lang.Object, java.lang.Object, java.lang.Object, int)'> (0x00000000d59d15d0) 
thrown [s\src\hotspot\share\interpreter\linkResolver.cpp, line 773]
Event: 16.306 Thread 0x00000281fb40e320 Exception <a 'java/lang/NoSuchMethodError'{0x00000000d5a1d858}: 'void java.lang.invoke.DirectMethodHandle$Holder.invokeVirtual(java.lang.Object, java.lang.Object, int)'> (0x00000000d5a1d858) 
thrown [s\src\hotspot\share\interpreter\linkResolver.cpp, line 773]
Event: 16.464 Thread 0x00000281fb40fd60 Exception <a 'java/lang/NoSuchMethodError'{0x00000000d5edf600}: 'java.lang.Object java.lang.invoke.DirectMethodHandle$Holder.invokeSpecial(java.lang.Object, java.lang.Object, int, long)'> (0x00000000d5edf600) 
thrown [s\src\hotspot\share\interpreter\linkResolver.cpp, line 773]
Event: 17.261 Thread 0x00000281fb4103f0 Implicit null exception at 0x00000281acc847a6 to 0x00000281acc84d40
Event: 17.345 Thread 0x00000281fb40e320 Exception <a 'java/lang/NoSuchMethodError'{0x00000000d5959190}: 'void java.lang.invoke.DirectMethodHandle$Holder.invokeInterface(java.lang.Object, java.lang.Object)'> (0x00000000d5959190) 
thrown [s\src\hotspot\share\interpreter\linkResolver.cpp, line 773]
Event: 17.383 Thread 0x00000281fefc5e70 Exception <a 'java/lang/IncompatibleClassChangeError'{0x00000000d6162e18}: Found class java.lang.Object, but interface was expected> (0x00000000d6162e18) 
thrown [s\src\hotspot\share\interpreter\linkResolver.cpp, line 840]
Event: 17.476 Thread 0x00000281fb4103f0 Implicit null exception at 0x00000281acda1d48 to 0x00000281acda299c

ZGC Phase Switch (0 events):
No events

VM Operations (20 events):
Event: 17.454 Executing safepoint VM operation: ParallelGCFailedAllocation (Allocation Failure)
Event: 17.456 Executing safepoint VM operation: ParallelGCFailedAllocation (Allocation Failure) done
Event: 17.510 Executing safepoint VM operation: ParallelGCFailedAllocation (Allocation Failure)
Event: 17.512 Executing safepoint VM operation: ParallelGCFailedAllocation (Allocation Failure) done
Event: 17.539 Executing safepoint VM operation: ParallelGCFailedAllocation (Allocation Failure)
Event: 17.540 Executing safepoint VM operation: ParallelGCFailedAllocation (Allocation Failure) done
Event: 17.593 Executing safepoint VM operation: ParallelGCFailedAllocation (Allocation Failure)
Event: 17.595 Executing safepoint VM operation: ParallelGCFailedAllocation (Allocation Failure) done
Event: 17.635 Executing safepoint VM operation: ParallelGCFailedAllocation (Allocation Failure)
Event: 17.636 Executing safepoint VM operation: ParallelGCFailedAllocation (Allocation Failure) done
Event: 17.676 Executing safepoint VM operation: ParallelGCFailedAllocation (Allocation Failure)
Event: 17.677 Executing safepoint VM operation: ParallelGCFailedAllocation (Allocation Failure) done
Event: 17.730 Executing safepoint VM operation: ParallelGCFailedAllocation (Allocation Failure)
Event: 17.733 Executing safepoint VM operation: ParallelGCFailedAllocation (Allocation Failure) done
Event: 17.788 Executing safepoint VM operation: ParallelGCFailedAllocation (Allocation Failure)
Event: 17.789 Executing safepoint VM operation: ParallelGCFailedAllocation (Allocation Failure) done
Event: 17.830 Executing safepoint VM operation: ParallelGCFailedAllocation (Allocation Failure)
Event: 17.831 Executing safepoint VM operation: ParallelGCFailedAllocation (Allocation Failure) done
Event: 17.870 Executing safepoint VM operation: ParallelGCFailedAllocation (Allocation Failure)
Event: 17.872 Executing safepoint VM operation: ParallelGCFailedAllocation (Allocation Failure) done

Memory protections (0 events):
No events

Nmethod flushes (20 events):
Event: 9.276 Thread 0x00000281a17b7930 flushing  nmethod 0x00000281a54d9790
Event: 9.276 Thread 0x00000281a17b7930 flushing  nmethod 0x00000281a54f5b90
Event: 9.276 Thread 0x00000281a17b7930 flushing  nmethod 0x00000281a54f7010
Event: 9.276 Thread 0x00000281a17b7930 flushing  nmethod 0x00000281a54f7910
Event: 9.276 Thread 0x00000281a17b7930 flushing  nmethod 0x00000281a54f8b10
Event: 9.276 Thread 0x00000281a17b7930 flushing  nmethod 0x00000281a54f9790
Event: 9.276 Thread 0x00000281a17b7930 flushing  nmethod 0x00000281a54fb490
Event: 9.276 Thread 0x00000281a17b7930 flushing  nmethod 0x00000281a54fb990
Event: 9.276 Thread 0x00000281a17b7930 flushing  nmethod 0x00000281a54fc290
Event: 9.276 Thread 0x00000281a17b7930 flushing  nmethod 0x00000281a54fd690
Event: 9.276 Thread 0x00000281a17b7930 flushing  nmethod 0x00000281a5500010
Event: 9.276 Thread 0x00000281a17b7930 flushing  nmethod 0x00000281a5501a90
Event: 9.276 Thread 0x00000281a17b7930 flushing  nmethod 0x00000281a5549010
Event: 9.276 Thread 0x00000281a17b7930 flushing  nmethod 0x00000281a554c110
Event: 9.276 Thread 0x00000281a17b7930 flushing  nmethod 0x00000281a556d690
Event: 9.276 Thread 0x00000281a17b7930 flushing  nmethod 0x00000281a55bcc90
Event: 9.276 Thread 0x00000281a17b7930 flushing  nmethod 0x00000281a55e2390
Event: 9.276 Thread 0x00000281a17b7930 flushing  nmethod 0x00000281a55f3010
Event: 9.276 Thread 0x00000281a17b7930 flushing  nmethod 0x00000281a564e610
Event: 9.276 Thread 0x00000281a17b7930 flushing  nmethod 0x00000281a564ea90

Events (20 events):
Event: 10.261 Thread 0x000002818413f3a0 Thread added: 0x0000028184140de0
Event: 10.285 Thread 0x0000028184140de0 Thread added: 0x0000028184142190
Event: 10.285 Thread 0x0000028184141b00 Thread added: 0x000002818413fa30
Event: 10.285 Thread 0x0000028184142190 Thread added: 0x0000028184141470
Event: 10.285 Thread 0x000002818413fa30 Thread added: 0x000002818413ed10
Event: 10.302 Thread 0x0000028184141470 Thread added: 0x0000028184e09210
Event: 10.306 Thread 0x000002818413ed10 Thread added: 0x0000028184e05d90
Event: 10.308 Thread 0x0000028184e09210 Thread added: 0x0000028184e09f30
Event: 10.313 Thread 0x0000028184e05d90 Thread added: 0x0000028184e0a5c0
Event: 10.341 Thread 0x0000028184e09f30 Thread added: 0x0000028184e077d0
Event: 10.962 Thread 0x00000281fdcd6180 Thread exited: 0x00000281fdcd6180
Event: 11.063 Thread 0x00000281fb298030 Thread added: 0x00000281841dc010
Event: 12.465 Thread 0x00000281841dc010 Thread exited: 0x00000281841dc010
Event: 12.465 Thread 0x00000281fdd260e0 Thread exited: 0x00000281fdd260e0
Event: 16.456 Thread 0x00000281fcca8d30 Thread added: 0x00000281ff39f850
Event: 17.356 Thread 0x00000281fb40e320 Thread added: 0x0000028184e098a0
Event: 17.357 Thread 0x00000281fb40e320 Thread added: 0x0000028184e0b970
Event: 17.357 Thread 0x00000281fb40e320 Thread added: 0x0000028184e0c000
Event: 17.357 Thread 0x00000281fb40e320 Thread added: 0x0000028184e07e60
Event: 17.357 Thread 0x00000281fb40e320 Thread added: 0x0000028184e0ac50


Dynamic libraries:
0x00007ff664bd0000 - 0x00007ff664bde000 	c:\Users\wangjunying\.cursor\extensions\redhat.java-1.53.0-win32-x64\jre\21.0.10-win32-x86_64\bin\java.exe
0x00007ffa72cb0000 - 0x00007ffa72ec7000 	C:\WINDOWS\SYSTEM32\ntdll.dll
0x00007ffa70bf0000 - 0x00007ffa70cb4000 	C:\WINDOWS\System32\KERNEL32.DLL
0x00007ffa70380000 - 0x00007ffa70753000 	C:\WINDOWS\System32\KERNELBASE.dll
0x00007ffa701b0000 - 0x00007ffa702c1000 	C:\WINDOWS\System32\ucrtbase.dll
0x00007ffa0c970000 - 0x00007ffa0c988000 	c:\Users\wangjunying\.cursor\extensions\redhat.java-1.53.0-win32-x64\jre\21.0.10-win32-x86_64\bin\jli.dll
0x00007ffa0c9b0000 - 0x00007ffa0c9ce000 	c:\Users\wangjunying\.cursor\extensions\redhat.java-1.53.0-win32-x64\jre\21.0.10-win32-x86_64\bin\VCRUNTIME140.dll
0x00007ffa727d0000 - 0x00007ffa72981000 	C:\WINDOWS\System32\USER32.dll
0x00007ffa70760000 - 0x00007ffa70786000 	C:\WINDOWS\System32\win32u.dll
0x00007ffa72b30000 - 0x00007ffa72b59000 	C:\WINDOWS\System32\GDI32.dll
0x00007ffa6ff30000 - 0x00007ffa7004b000 	C:\WINDOWS\System32\gdi32full.dll
0x00007ffa70050000 - 0x00007ffa700ea000 	C:\WINDOWS\System32\msvcp_win.dll
0x00007ffa5a1f0000 - 0x00007ffa5a488000 	C:\WINDOWS\WinSxS\amd64_microsoft.windows.common-controls_6595b64144ccf1df_6.0.22621.5124_none_270e8f4f7386d69d\COMCTL32.dll
0x00007ffa70b40000 - 0x00007ffa70be7000 	C:\WINDOWS\System32\msvcrt.dll
0x00007ffa718a0000 - 0x00007ffa718d1000 	C:\WINDOWS\System32\IMM32.DLL
0x0000000077a80000 - 0x0000000077a8d000 	D:\BaiduNetdiskDownload\360safe\safemon\SafeWrapper.dll
0x00007ffa725b0000 - 0x00007ffa72661000 	C:\WINDOWS\System32\ADVAPI32.dll
0x00007ffa709f0000 - 0x00007ffa70a98000 	C:\WINDOWS\System32\sechost.dll
0x00007ffa70350000 - 0x00007ffa70378000 	C:\WINDOWS\System32\bcrypt.dll
0x00007ffa722e0000 - 0x00007ffa723f4000 	C:\WINDOWS\System32\RPCRT4.dll
0x00007ffa6f7f0000 - 0x00007ffa6f82e000 	D:\BaiduNetdiskDownload\360safe\safemon\capid64.dll
0x00007ffa71570000 - 0x00007ffa715d3000 	C:\WINDOWS\System32\SHLWAPI.dll
0x00007ffa593e0000 - 0x00007ffa593ec000 	c:\Users\wangjunying\.cursor\extensions\redhat.java-1.53.0-win32-x64\jre\21.0.10-win32-x86_64\bin\vcruntime140_1.dll
0x00007ffa0c750000 - 0x00007ffa0c7dd000 	c:\Users\wangjunying\.cursor\extensions\redhat.java-1.53.0-win32-x64\jre\21.0.10-win32-x86_64\bin\msvcp140.dll
0x00007ff98a320000 - 0x00007ff98b0c1000 	c:\Users\wangjunying\.cursor\extensions\redhat.java-1.53.0-win32-x64\jre\21.0.10-win32-x86_64\bin\server\jvm.dll
0x00007ffa70950000 - 0x00007ffa709c1000 	C:\WINDOWS\System32\WS2_32.dll
0x00007ffa6f870000 - 0x00007ffa6f8bd000 	C:\WINDOWS\SYSTEM32\POWRPROF.dll
0x00007ffa682a0000 - 0x00007ffa682d4000 	C:\WINDOWS\SYSTEM32\WINMM.dll
0x00007ffa6f8d0000 - 0x00007ffa6f8da000 	C:\WINDOWS\SYSTEM32\VERSION.dll
0x00007ffa6f850000 - 0x00007ffa6f863000 	C:\WINDOWS\SYSTEM32\UMPDC.dll
0x00007ffa6ebf0000 - 0x00007ffa6ec08000 	C:\WINDOWS\SYSTEM32\kernel.appcore.dll
0x00007ffa38d30000 - 0x00007ffa38d3a000 	c:\Users\wangjunying\.cursor\extensions\redhat.java-1.53.0-win32-x64\jre\21.0.10-win32-x86_64\bin\jimage.dll
0x00007ffa6d0c0000 - 0x00007ffa6d2f2000 	C:\WINDOWS\SYSTEM32\DBGHELP.DLL
0x00007ffa71900000 - 0x00007ffa71c92000 	C:\WINDOWS\System32\combase.dll
0x00007ffa72670000 - 0x00007ffa72747000 	C:\WINDOWS\System32\OLEAUT32.dll
0x00007ffa44290000 - 0x00007ffa442c2000 	C:\WINDOWS\SYSTEM32\dbgcore.DLL
0x00007ffa708d0000 - 0x00007ffa7094b000 	C:\WINDOWS\System32\bcryptPrimitives.dll
0x00007ffa6a640000 - 0x00007ffa6a64f000 	c:\Users\wangjunying\.cursor\extensions\redhat.java-1.53.0-win32-x64\jre\21.0.10-win32-x86_64\bin\instrument.dll
0x00007ffa0bd20000 - 0x00007ffa0bd40000 	c:\Users\wangjunying\.cursor\extensions\redhat.java-1.53.0-win32-x64\jre\21.0.10-win32-x86_64\bin\java.dll
0x00007ffa70cd0000 - 0x00007ffa71566000 	C:\WINDOWS\System32\SHELL32.dll
0x00007ffa70790000 - 0x00007ffa708cf000 	C:\WINDOWS\System32\wintypes.dll
0x00007ffa6db10000 - 0x00007ffa6e42a000 	C:\WINDOWS\SYSTEM32\windows.storage.dll
0x00007ffa72b60000 - 0x00007ffa72c6a000 	C:\WINDOWS\System32\SHCORE.dll
0x00007ffa6fcf0000 - 0x00007ffa6fd1b000 	C:\WINDOWS\SYSTEM32\profapi.dll
0x00007ffa0c990000 - 0x00007ffa0c9a8000 	c:\Users\wangjunying\.cursor\extensions\redhat.java-1.53.0-win32-x64\jre\21.0.10-win32-x86_64\bin\zip.dll
0x00007ffa31e80000 - 0x00007ffa31e90000 	C:\Users\wangjunying\.cursor\extensions\redhat.java-1.53.0-win32-x64\jre\21.0.10-win32-x86_64\bin\net.dll
0x00007ffa6ac20000 - 0x00007ffa6ad4c000 	C:\WINDOWS\SYSTEM32\WINHTTP.dll
0x00007ffa6f070000 - 0x00007ffa6f0da000 	C:\WINDOWS\system32\mswsock.dll
0x00007ffa31e10000 - 0x00007ffa31e26000 	C:\Users\wangjunying\.cursor\extensions\redhat.java-1.53.0-win32-x64\jre\21.0.10-win32-x86_64\bin\nio.dll
0x00007ffa31e70000 - 0x00007ffa31e80000 	c:\Users\wangjunying\.cursor\extensions\redhat.java-1.53.0-win32-x64\jre\21.0.10-win32-x86_64\bin\verify.dll
0x00007ffa34860000 - 0x00007ffa348a5000 	C:\Users\wangjunying\AppData\Roaming\Cursor\User\globalStorage\redhat.java\1.53.0\config_win\org.eclipse.equinox.launcher\org.eclipse.equinox.launcher.win32.win32.x86_64_1.3.0.v20260203-2149\eclipse_11919.dll
0x00007ffa72400000 - 0x00007ffa725a1000 	C:\WINDOWS\System32\ole32.dll
0x00007ffa6f330000 - 0x00007ffa6f34b000 	C:\WINDOWS\SYSTEM32\CRYPTSP.dll
0x00007ffa6eb50000 - 0x00007ffa6eb87000 	C:\WINDOWS\system32\rsaenh.dll
0x00007ffa6f160000 - 0x00007ffa6f188000 	C:\WINDOWS\SYSTEM32\USERENV.dll
0x00007ffa6f830000 - 0x00007ffa6f83c000 	C:\WINDOWS\SYSTEM32\CRYPTBASE.dll
0x00007ffa6f8e0000 - 0x00007ffa6f90d000 	C:\WINDOWS\SYSTEM32\IPHLPAPI.DLL
0x00007ffa718e0000 - 0x00007ffa718e9000 	C:\WINDOWS\System32\NSI.dll
0x00007ffa293b0000 - 0x00007ffa293f9000 	C:\Users\wangjunying\AppData\Local\Temp\jna--60428183\jna3592914790201472584.dll
0x00007ffa718f0000 - 0x00007ffa718f8000 	C:\WINDOWS\System32\PSAPI.DLL
0x00007ffa6a140000 - 0x00007ffa6a159000 	C:\WINDOWS\SYSTEM32\dhcpcsvc6.DLL
0x00007ffa68190000 - 0x00007ffa681af000 	C:\WINDOWS\SYSTEM32\dhcpcsvc.DLL

JVMTI agents:
c:\Users\wangjunying\.cursor\extensions\redhat.java-1.53.0-win32-x64\lombok\lombok-1.18.39-4050.jar path:c:\Users\wangjunying\.cursor\extensions\redhat.java-1.53.0-win32-x64\jre\21.0.10-win32-x86_64\bin\instrument.dll, loaded, initialized, instrumentlib options:none

dbghelp: loaded successfully - version: 4.0.5 - missing functions: none
symbol engine: initialized successfully - sym options: 0x614 - pdb path: .;c:\Users\wangjunying\.cursor\extensions\redhat.java-1.53.0-win32-x64\jre\21.0.10-win32-x86_64\bin;C:\WINDOWS\SYSTEM32;C:\WINDOWS\WinSxS\amd64_microsoft.windows.common-controls_6595b64144ccf1df_6.0.22621.5124_none_270e8f4f7386d69d;D:\BaiduNetdiskDownload\360safe\safemon;c:\Users\wangjunying\.cursor\extensions\redhat.java-1.53.0-win32-x64\jre\21.0.10-win32-x86_64\bin\server;C:\Users\wangjunying\AppData\Roaming\Cursor\User\globalStorage\redhat.java\1.53.0\config_win\org.eclipse.equinox.launcher\org.eclipse.equinox.launcher.win32.win32.x86_64_1.3.0.v20260203-2149;C:\Users\wangjunying\AppData\Local\Temp\jna--60428183

VM Arguments:
jvm_args: --add-modules=ALL-SYSTEM --add-opens=java.base/java.util=ALL-UNNAMED --add-opens=java.base/java.lang=ALL-UNNAMED --add-opens=java.base/sun.nio.fs=ALL-UNNAMED -Declipse.application=org.eclipse.jdt.ls.core.id1 -Dosgi.bundles.defaultStartLevel=4 -Declipse.product=org.eclipse.jdt.ls.core.product -Djava.import.generatesMetadataFilesAtProjectRoot=false -DDetectVMInstallationsJob.disabled=true -Dfile.encoding=utf8 -XX:+UseParallelGC -XX:GCTimeRatio=4 -XX:AdaptiveSizePolicyWeight=90 -Dsun.zip.disableMemoryMapping=true -Xmx2G -Xms100m -Xlog:disable -javaagent:c:\Users\wangjunying\.cursor\extensions\redhat.java-1.53.0-win32-x64\lombok\lombok-1.18.39-4050.jar -XX:+HeapDumpOnOutOfMemoryError -XX:HeapDumpPath=c:\Users\wangjunying\AppData\Roaming\Cursor\User\workspaceStorage\1206eb8924c5250357579d7188ed1816\redhat.java -Daether.dependencyCollector.impl=bf 
java_command: c:\Users\wangjunying\.cursor\extensions\redhat.java-1.53.0-win32-x64\server\plugins\org.eclipse.equinox.launcher_1.7.100.v20251111-0406.jar -configuration c:\Users\wangjunying\AppData\Roaming\Cursor\User\globalStorage\redhat.java\1.53.0\config_win -data c:\Users\wangjunying\AppData\Roaming\Cursor\User\workspaceStorage\1206eb8924c5250357579d7188ed1816\redhat.java\jdt_ws --pipe=\\.\pipe\lsp-a6f84e89d395cabc10dbcfa845dc3c6f-sock
java_class_path (initial): c:\Users\wangjunying\.cursor\extensions\redhat.java-1.53.0-win32-x64\server\plugins\org.eclipse.equinox.launcher_1.7.100.v20251111-0406.jar
Launcher Type: SUN_STANDARD

[Global flags]
    uintx AdaptiveSizePolicyWeight                 = 90                                        {product} {command line}
     intx CICompilerCount                          = 12                                        {product} {ergonomic}
    uintx GCTimeRatio                              = 4                                         {product} {command line}
     bool HeapDumpOnOutOfMemoryError               = true                                   {manageable} {command line}
    ccstr HeapDumpPath                             = c:\Users\wangjunying\AppData\Roaming\Cursor\User\workspaceStorage\1206eb8924c5250357579d7188ed1816\redhat.java         {manageable} {command line}
   size_t InitialHeapSize                          = 104857600                                 {product} {command line}
   size_t MaxHeapSize                              = 2147483648                                {product} {command line}
   size_t MaxNewSize                               = 715653120                                 {product} {ergonomic}
   size_t MinHeapDeltaBytes                        = 524288                                    {product} {ergonomic}
   size_t MinHeapSize                              = 104857600                                 {product} {command line}
   size_t NewSize                                  = 34603008                                  {product} {ergonomic}
    uintx NonNMethodCodeHeapSize                   = 7602480                                {pd product} {ergonomic}
    uintx NonProfiledCodeHeapSize                  = 122027880                              {pd product} {ergonomic}
   size_t OldSize                                  = 70254592                                  {product} {ergonomic}
    uintx ProfiledCodeHeapSize                     = 122027880                              {pd product} {ergonomic}
    uintx ReservedCodeCacheSize                    = 251658240                              {pd product} {ergonomic}
     bool SegmentedCodeCache                       = true                                      {product} {ergonomic}
   size_t SoftMaxHeapSize                          = 2147483648                             {manageable} {ergonomic}
     bool UseCompressedOops                        = true                           {product lp64_product} {ergonomic}
     bool UseLargePagesIndividualAllocation        = false                                  {pd product} {ergonomic}
     bool UseParallelGC                            = true                                      {product} {command line}

Logging:
Log output configuration:
 #0: stdout all=off uptime,level,tags foldmultilines=false
 #1: stderr all=off uptime,level,tags foldmultilines=false

Release file:
JAVA_VERSION="21.0.10" 
MODULES="java.base java.compiler java.datatransfer java.xml java.prefs java.desktop java.instrument java.logging java.management java.security.sasl java.naming java.rmi java.management.rmi java.net.http java.scripting java.security.jgss java.transaction.xa java.sql java.sql.rowset java.xml.crypto java.se java.smartcardio jdk.accessibility jdk.internal.jvmstat jdk.attach jdk.charsets jdk.internal.opt jdk.zipfs jdk.compiler jdk.crypto.ec jdk.crypto.cryptoki jdk.crypto.mscapi jdk.dynalink jdk.internal.ed jdk.editpad jdk.hotspot.agent jdk.httpserver jdk.internal.le jdk.internal.vm.ci jdk.internal.vm.compiler jdk.internal.vm.compiler.management jdk.jartool jdk.javadoc jdk.jcmd jdk.management jdk.management.agent jdk.jconsole jdk.jdeps jdk.jdwp.agent jdk.jdi jdk.jfr jdk.jshell jdk.jsobject jdk.jstatd jdk.localedata jdk.management.jfr jdk.naming.dns jdk.naming.rmi jdk.net jdk.nio.mapmode jdk.random jdk.sctp jdk.security.auth jdk.security.jgss jdk.unsupported jdk.unsupported.desktop jdk.xml.dom" 

Environment Variables:
PATH=C:\Program Files\Common Files\Oracle\Java\javapath;C:\WINDOWS\system32;C:\WINDOWS;C:\WINDOWS\System32\Wbem;C:\WINDOWS\System32\WindowsPowerShell\v1.0\;C:\WINDOWS\System32\OpenSSH\;D:\BaiduNetdiskDownload\texlive\2023\bin\windows;D:\software\maven\apache-maven-3.9.14\bin;C:\Program Files\Zero Install;D:\BaiduNetdiskDownload\node\node_global;D:\BaiduNetdiskDownload\Git\cmd;D:\software\conda\miniconda\Scripts;D:\software\conda\miniconda;D:\BaiduNetdiskDownload\Blender;D:\software\cursor\cursor\resources\app\bin;D:\software\vscode\Microsoft VS Code\bin;C:\Program Files\Git\cmd;C:\insolu\client001;D:\software\node\;D:\BaiduNetdiskDownload\Scripts\;D:\BaiduNetdiskDownload\;C:\Users\wangjunying\AppData\Local\Microsoft\WindowsApps;D:\BaiduNetdiskDownload\PyCharm 2024.1.3\bin;;D:\software\vscode\Microsoft VS Code\bin;D:\BaiduNetdiskDownload\cursor\resources\app\bin;D:\AAwyy\project\wyy\project\code\hfd\aria2\aria2;C:\Users\wangjunying\AppData\Roaming\npm
USERNAME=wangjunying
OS=Windows_NT
PROCESSOR_IDENTIFIER=AMD64 Family 25 Model 68 Stepping 1, AuthenticAMD
TMP=C:\Users\WANGJU~1\AppData\Local\Temp
TEMP=C:\Users\WANGJU~1\AppData\Local\Temp




Periodic native trim disabled

---------------  S Y S T E M  ---------------

OS:
 Windows 11 , 64 bit Build 22621 (10.0.22621.5124)
OS uptime: 5 days 2:33 hours

CPU: total 16 (initial active 16) (16 cores per cpu, 2 threads per core) family 25 model 68 stepping 1 microcode 0x0, cx8, cmov, fxsr, ht, mmx, 3dnowpref, sse, sse2, sse3, ssse3, sse4a, sse4.1, sse4.2, popcnt, lzcnt, tsc, tscinvbit, avx, avx2, aes, clmul, bmi1, bmi2, adx, sha, fma, vzeroupper, clflush, clflushopt, rdtscp, rdpid, f16c, pku, cet_ss
Processor Information for the first 16 processors :
  Max Mhz: 3201, Current Mhz: 3201, Mhz Limit: 3201

Memory: 4k page, system-wide physical 14020M (353M free)
TotalPageFile size 39621M (AvailPageFile size 0M)
current process WorkingSet (physical memory assigned to process): 266M, peak: 266M
current process commit charge ("private bytes"): 360M, peak: 383M

vm_info: OpenJDK 64-Bit Server VM (21.0.10+7-LTS) for windows-amd64 JRE (21.0.10+7-LTS), built on 2026-01-20T00:00:00Z by "admin" with MS VC++ 17.12 (VS2022)

END.
